2014/10/13 03:58:35 INFO  - jmeter.util.JMeterUtils: Setting Locale to en_US 
2014/10/13 03:58:35 INFO  - jmeter.JMeter: Loading user properties from: /practices/jms/jmeter/bin/user.properties 
2014/10/13 03:58:35 INFO  - jmeter.JMeter: Loading system properties from: /practices/jms/jmeter/bin/system.properties 
2014/10/13 03:58:35 INFO  - jmeter.JMeter: Copyright (c) 1998-2013 The Apache Software Foundation 
2014/10/13 03:58:35 INFO  - jmeter.JMeter: Version 2.9 r1437961 
2014/10/13 03:58:35 INFO  - jmeter.JMeter: java.version=1.7.0_67 
2014/10/13 03:58:35 INFO  - jmeter.JMeter: java.vm.name=Java HotSpot(TM) 64-Bit Server VM 
2014/10/13 03:58:35 INFO  - jmeter.JMeter: os.name=Linux 
2014/10/13 03:58:35 INFO  - jmeter.JMeter: os.arch=amd64 
2014/10/13 03:58:35 INFO  - jmeter.JMeter: os.version=2.6.32-279.19.1.el6.x86_64 
2014/10/13 03:58:35 INFO  - jmeter.JMeter: file.encoding=UTF-8 
2014/10/13 03:58:35 INFO  - jmeter.JMeter: Default Locale=English (United States) 
2014/10/13 03:58:35 INFO  - jmeter.JMeter: JMeter  Locale=English (United States) 
2014/10/13 03:58:35 INFO  - jmeter.JMeter: JMeterHome=/practices/jms/jmeter 
2014/10/13 03:58:35 INFO  - jmeter.JMeter: user.dir  =/practices/jms/practice09-01/resources 
2014/10/13 03:58:35 INFO  - jmeter.JMeter: PWD       =/practices/jms/practice09-01/resources 
2014/10/13 03:58:35 INFO  - jmeter.JMeter: IP: 192.0.2.12 Name: host02.example.com FullName: host02.example.com 
2014/10/13 03:58:35 INFO  - jmeter.JMeter: Loaded icon properties from org/apache/jmeter/images/icon.properties 
2014/10/13 03:58:37 INFO  - jmeter.engine.util.CompoundVariable: Note: Function class names must contain the string: '.functions.' 
2014/10/13 03:58:37 INFO  - jmeter.engine.util.CompoundVariable: Note: Function class names must not contain the string: '.gui.' 
2014/10/13 03:58:38 INFO  - jmeter.gui.action.LookAndFeelCommand: Using look and feel: javax.swing.plaf.metal.MetalLookAndFeel [Metal, CrossPlatform] 
2014/10/13 03:58:39 INFO  - jmeter.util.BSFTestElement: Registering JMeter version of JavaScript engine as work-round for BSF-22 
2014/10/13 03:58:39 INFO  - jmeter.protocol.http.sampler.HTTPSamplerBase: Cannot find .className property for htmlParser, using default 
2014/10/13 03:58:39 INFO  - jmeter.protocol.http.sampler.HTTPSamplerBase: Parser for text/html is  
2014/10/13 03:58:39 INFO  - jmeter.protocol.http.sampler.HTTPSamplerBase: Parser for application/xhtml+xml is  
2014/10/13 03:58:39 INFO  - jmeter.protocol.http.sampler.HTTPSamplerBase: Parser for application/xml is  
2014/10/13 03:58:39 INFO  - jmeter.protocol.http.sampler.HTTPSamplerBase: Parser for text/xml is  
2014/10/13 03:58:39 INFO  - jmeter.protocol.http.sampler.HTTPSamplerBase: Parser for text/vnd.wap.wml is org.apache.jmeter.protocol.http.parser.RegexpHTMLParser 
2014/10/13 03:58:39 INFO  - jmeter.protocol.http.sampler.HTTPSamplerBase: Reuse SSL session context on subsequent iterations: true 
2014/10/13 03:58:39 INFO  - jmeter.gui.util.MenuFactory: Skipping org.apache.jmeter.protocol.http.modifier.gui.ParamModifierGui 
2014/10/13 03:58:40 INFO  - jmeter.samplers.SampleResult: Note: Sample TimeStamps are START times 
2014/10/13 03:58:40 INFO  - jmeter.samplers.SampleResult: sampleresult.default.encoding is set to ISO-8859-1 
2014/10/13 03:58:40 INFO  - jmeter.samplers.SampleResult: sampleresult.useNanoTime=true 
2014/10/13 03:58:40 INFO  - jmeter.samplers.SampleResult: sampleresult.nanoThreadSleep=5000 
2014/10/13 03:59:29 INFO  - jmeter.services.FileServer: Default base='/practices/jms/practice09-01/resources' 
2014/10/13 03:59:29 INFO  - jmeter.gui.action.Load: Loading file: /practices/jms/practice09-01/resources/TestPlan.jmx 
2014/10/13 03:59:29 INFO  - jmeter.services.FileServer: Set new base='/practices/jms/practice09-01/resources' 
2014/10/13 03:59:29 INFO  - jmeter.save.SaveService: Testplan (JMX) version: 2.2. Testlog (JTL) version: 2.2 
2014/10/13 03:59:29 INFO  - jmeter.save.SaveService: Using SaveService properties file encoding UTF-8 
2014/10/13 03:59:29 INFO  - jmeter.save.SaveService: Using SaveService properties file version 1427507 
2014/10/13 03:59:29 INFO  - jmeter.save.SaveService: Using SaveService properties version 2.4 
2014/10/13 03:59:29 INFO  - jmeter.save.SaveService: All converter versions present and correct 
2014/10/13 03:59:29 INFO  - jmeter.services.FileServer: Set new base='/practices/jms/practice09-01/resources' 
2014/10/13 04:01:06 INFO  - jmeter.engine.StandardJMeterEngine: Listeners will be started after enabling running version 
2014/10/13 04:01:06 INFO  - jmeter.engine.StandardJMeterEngine: To revert to the earlier behaviour, define jmeterengine.startlistenerslater=false 
2014/10/13 04:01:06 INFO  - jmeter.engine.StandardJMeterEngine: Running the test! 
2014/10/13 04:01:06 INFO  - jmeter.gui.util.JMeterMenuBar: setRunning(true,*local*) 
2014/10/13 04:01:06 INFO  - jmeter.engine.StandardJMeterEngine: Starting ThreadGroup: 1 : Thread Group 
2014/10/13 04:01:06 INFO  - jmeter.engine.StandardJMeterEngine: Starting 5 threads for group Thread Group. 
2014/10/13 04:01:06 INFO  - jmeter.engine.StandardJMeterEngine: Thread will continue on error 
2014/10/13 04:01:06 INFO  - jmeter.threads.ThreadGroup: Starting thread group number 1 threads 5 ramp-up 1 perThread 200.0 delayedStart=false 
2014/10/13 04:01:06 INFO  - jmeter.threads.JMeterThread: jmeterthread.startearlier=true (see jmeter.properties) 
2014/10/13 04:01:06 INFO  - jmeter.threads.JMeterThread: Running PostProcessors in forward order 
2014/10/13 04:01:06 INFO  - jmeter.threads.JMeterThread: Thread started: Thread Group 1-1 
2014/10/13 04:01:06 INFO  - jmeter.threads.ThreadGroup: Started thread group number 1 
2014/10/13 04:01:06 INFO  - jmeter.engine.StandardJMeterEngine: All thread groups have been started 
2014/10/13 04:01:07 INFO  - jmeter.threads.JMeterThread: Thread started: Thread Group 1-2 
2014/10/13 04:01:07 INFO  - jmeter.threads.JMeterThread: Thread started: Thread Group 1-3 
2014/10/13 04:01:07 INFO  - jmeter.threads.JMeterThread: Thread started: Thread Group 1-4 
2014/10/13 04:01:07 INFO  - jmeter.threads.JMeterThread: Thread started: Thread Group 1-5 
2014/10/13 04:02:46 INFO  - jmeter.threads.JMeterThread: Thread finished: Thread Group 1-1 
2014/10/13 04:02:46 INFO  - jmeter.threads.JMeterThread: Thread finished: Thread Group 1-4 
2014/10/13 04:02:47 INFO  - jmeter.threads.JMeterThread: Thread finished: Thread Group 1-3 
2014/10/13 04:02:47 INFO  - jmeter.threads.JMeterThread: Thread finished: Thread Group 1-2 
2014/10/13 04:02:48 INFO  - jmeter.threads.JMeterThread: Thread finished: Thread Group 1-5 
2014/10/13 04:02:48 INFO  - jmeter.engine.StandardJMeterEngine: Notifying test listeners of end of test 
2014/10/13 04:02:48 INFO  - jmeter.gui.util.JMeterMenuBar: setRunning(false,*local*) 
